<?xml version="1.0" encoding="UTF-8"?>
<!-- Generated by org.testng.reporters.JUnitReportReporter -->
<testsuite hostname="LAPTOP-BGGP595U" failures="0" tests="1" name="tests.SearchTest" time="5.632" errors="0" timestamp="2020-12-19T23:53:53 IST" skipped="0">
  <testcase classname="tests.SearchTest" name="test" time="5.632"/>
  <system-out/>
</testsuite> <!-- tests.SearchTest -->
